{"level":"error","message":"refresh token is expired","status":401,"success":false,"timestamp":"2023-12-02T23:41:49.678Z","url":"/api/v1/auth/refresh-token"}
{"level":"error","message":"Unauthorized","status":401,"success":false,"timestamp":"2023-12-02T23:41:59.319Z","url":"/api/v1/auth/refresh-token"}
{"level":"error","message":"Internal Server Error","status":500,"success":false,"timestamp":"2023-12-29T14:43:12.371Z","url":"/api/v1/auth/registration"}
{"level":"error","message":"suvayan.job@gmail.com is already exist","status":409,"success":false,"timestamp":"2023-12-29T14:45:18.392Z","url":"/api/v1/auth/registration"}
{"level":"error","message":"unable to get local issuer certificate","success":false,"timestamp":"2023-12-29T14:55:12.940Z","url":"/api/v1/auth/registration"}
{"level":"error","message":"Internal Server Error","status":500,"success":false,"timestamp":"2023-12-29T15:02:40.903Z","url":"/api/v1/auth/registration"}
{"level":"error","message":"suvayan.job@gmail.com is already exist","status":409,"success":false,"timestamp":"2023-12-29T15:38:01.561Z","url":"/api/v1/auth/registration"}
{"level":"error","message":"E11000 duplicate key error collection: stock_analysis.users index: email_1 dup key: { email: \"suvayan.job@gmail.com\" }","success":false,"timestamp":"2023-12-29T15:40:37.555Z","url":"/api/v1/auth/registration"}
{"level":"error","message":"9875562401 is already exist","status":409,"success":false,"timestamp":"2023-12-29T15:41:02.312Z","url":"/api/v1/auth/registration"}
{"level":"error","message":"unable to get local issuer certificate","success":false,"timestamp":"2023-12-29T15:41:42.797Z","url":"/api/v1/auth/registration"}
{"level":"error","message":"unable to get local issuer certificate","success":false,"timestamp":"2023-12-29T15:44:35.703Z","url":"/api/v1/auth/registration"}
{"level":"error","message":"unable to get local issuer certificate","success":false,"timestamp":"2023-12-29T16:08:49.826Z","url":"/api/v1/auth/registration"}
{"level":"error","message":"ressendStatus is not defined","success":false,"timestamp":"2023-12-29T16:11:15.750Z","url":"/api/v1/auth/registration"}
{"level":"error","message":"Cannot set headers after they are sent to the client","success":false,"timestamp":"2023-12-29T16:12:34.712Z","url":"/api/v1/auth/registration"}
{"level":"error","message":"suvayan.eije.258@gmail.com is already exist","status":409,"success":false,"timestamp":"2023-12-29T16:23:30.409Z","url":"/api/v1/auth/registration"}
{"level":"error","message":"suvayan.eije.258@gmail.com is already exist","status":409,"success":false,"timestamp":"2023-12-29T16:32:46.014Z","url":"/api/v1/auth/registration"}
{"level":"error","message":"suvayan.eije.258@gmail.com is already exist","status":409,"success":false,"timestamp":"2023-12-29T16:34:08.440Z","url":"/api/v1/auth/registration"}
{"level":"error","message":"suvayan.eije.258@gmail.com is already exist","status":409,"success":false,"timestamp":"2023-12-29T16:36:33.223Z","url":"/api/v1/auth/registration"}
{"level":"error","message":"suvayan.eije.258@gmail.com is already exist","status":409,"success":false,"timestamp":"2023-12-29T16:37:03.909Z","url":"/api/v1/auth/registration"}
{"level":"error","message":[{"otp":"you must type name"},{"otp":"name must have six characters"}],"status":403,"success":false,"timestamp":"2023-12-29T17:26:22.948Z","url":"/api/v1/auth/otp-verification"}
{"level":"error","message":[{"otp":"you must type name"},{"otp":"name must have six characters"}],"status":403,"success":false,"timestamp":"2023-12-29T17:26:34.183Z","url":"/api/v1/auth/otp-verification"}
{"level":"error","message":[{"otp":"you must type name"},{"otp":"name must have six characters"}],"status":403,"success":false,"timestamp":"2023-12-29T17:27:02.075Z","url":"/api/v1/auth/otp-verification"}
{"level":"error","message":[{"otp":"you must type otp"},{"otp":"otp must have six characters"}],"status":403,"success":false,"timestamp":"2023-12-29T17:28:33.310Z","url":"/api/v1/auth/otp-verification"}
{"level":"error","message":[{"otp":"you must type otp"},{"otp":"otp must have six characters"}],"status":403,"success":false,"timestamp":"2023-12-29T17:31:05.341Z","url":"/api/v1/auth/otp-verification"}
{"level":"error","message":"otp is expired","status":401,"success":false,"timestamp":"2023-12-29T17:40:47.548Z","url":"/api/v1/auth/otp-verification"}
{"level":"error","message":"otp is expired","status":401,"success":false,"timestamp":"2023-12-29T17:40:47.696Z","url":"/api/v1/auth/otp-verification"}
{"level":"error","message":"otp is expired","status":401,"success":false,"timestamp":"2023-12-29T17:40:47.725Z","url":"/api/v1/auth/otp-verification"}
{"level":"error","message":"otp is expired","status":401,"success":false,"timestamp":"2023-12-29T17:40:47.751Z","url":"/api/v1/auth/otp-verification"}
{"level":"error","message":"otp is expired","status":401,"success":false,"timestamp":"2023-12-29T17:40:47.765Z","url":"/api/v1/auth/otp-verification"}
{"level":"error","message":"otp is expired","status":401,"success":false,"timestamp":"2023-12-29T17:40:47.795Z","url":"/api/v1/auth/otp-verification"}
{"level":"error","message":"otp is expired","status":401,"success":false,"timestamp":"2023-12-29T17:40:47.847Z","url":"/api/v1/auth/otp-verification"}
{"level":"error","message":"otp is expired","status":401,"success":false,"timestamp":"2023-12-29T17:40:47.878Z","url":"/api/v1/auth/otp-verification"}
{"level":"error","message":"otp is expired","status":401,"success":false,"timestamp":"2023-12-29T17:40:47.895Z","url":"/api/v1/auth/otp-verification"}
{"level":"error","message":"otp is expired","status":401,"success":false,"timestamp":"2023-12-29T17:40:47.933Z","url":"/api/v1/auth/otp-verification"}
{"level":"error","message":"otp is expired","status":401,"success":false,"timestamp":"2023-12-29T17:40:47.982Z","url":"/api/v1/auth/otp-verification"}
{"level":"error","message":"otp is expired","status":401,"success":false,"timestamp":"2023-12-29T17:40:48.002Z","url":"/api/v1/auth/otp-verification"}
{"level":"error","message":"otp is expired","status":401,"success":false,"timestamp":"2023-12-29T17:40:48.068Z","url":"/api/v1/auth/otp-verification"}
{"level":"error","message":"otp is expired","status":401,"success":false,"timestamp":"2023-12-29T17:40:48.083Z","url":"/api/v1/auth/otp-verification"}
{"level":"error","message":"otp is expired","status":401,"success":false,"timestamp":"2023-12-29T17:40:48.096Z","url":"/api/v1/auth/otp-verification"}
{"level":"error","message":"otp is expired","status":401,"success":false,"timestamp":"2023-12-29T17:41:55.338Z","url":"/api/v1/auth/otp-verification"}
{"level":"error","message":[{"otp":"you must type otp"},{"otp":"otp must have six characters"}],"status":403,"success":false,"timestamp":"2023-12-29T19:03:10.853Z","url":"/api/v1/auth/otp-verification"}
{"level":"error","message":[{"otp":"you must type otp"},{"otp":"otp must have six characters"}],"status":403,"success":false,"timestamp":"2023-12-29T19:05:30.028Z","url":"/api/v1/auth/otp-verification"}
{"level":"error","message":[{"otp":"you must type otp"},{"otp":"otp must have six characters"}],"status":403,"success":false,"timestamp":"2023-12-29T19:05:54.132Z","url":"/api/v1/auth/otp-verification"}
{"level":"error","message":"unable to get local issuer certificate","success":false,"timestamp":"2023-12-29T19:08:49.576Z","url":"/api/v1/auth/otp-send"}
{"level":"error","message":"Unauthorized","status":401,"success":false,"timestamp":"2023-12-29T22:14:56.526Z","url":"/api/v1/user/details"}
{"level":"error","message":"Unauthorized","status":401,"success":false,"timestamp":"2023-12-29T22:15:38.446Z","url":"/api/v1/user/details"}
{"level":"error","message":"Unauthorized","status":401,"success":false,"timestamp":"2023-12-29T22:15:58.217Z","url":"/api/v1/user/details"}
{"level":"error","message":"Unauthorized","status":401,"success":false,"timestamp":"2023-12-29T22:16:39.550Z","url":"/api/v1/user/details"}
{"level":"error","message":"Unauthorized","status":401,"success":false,"timestamp":"2023-12-29T22:19:03.807Z","url":"/api/v1/user/details"}
{"level":"error","message":"Unauthorized","status":401,"success":false,"timestamp":"2023-12-29T22:19:15.435Z","url":"/api/v1/user/details"}
{"level":"error","message":"Unauthorized","status":401,"success":false,"timestamp":"2023-12-29T22:20:30.002Z","url":"/api/v1/user/details"}
{"level":"error","message":"Unauthorized","status":401,"success":false,"timestamp":"2023-12-29T22:20:45.844Z","url":"/api/v1/user/details"}
{"level":"error","message":"Unauthorized","status":401,"success":false,"timestamp":"2023-12-29T22:45:09.030Z","url":"/api/v1/user/details"}
{"level":"error","message":"Internal Server Error","status":500,"success":false,"timestamp":"2023-12-30T00:10:48.406Z","url":"/api/v1/auth/login"}
{"level":"error","message":"password not matched","status":401,"success":false,"timestamp":"2023-12-30T00:11:30.721Z","url":"/api/v1/auth/login"}
{"level":"error","message":"Internal Server Error","status":500,"success":false,"timestamp":"2023-12-30T00:11:47.669Z","url":"/api/v1/auth/login"}
{"level":"error","message":"Internal Server Error","status":500,"success":false,"timestamp":"2023-12-30T00:12:48.842Z","url":"/api/v1/auth/login"}
{"level":"error","message":"Internal Server Error","status":500,"success":false,"timestamp":"2023-12-30T00:14:17.198Z","url":"/api/v1/auth/login"}
{"level":"error","message":"Internal Server Error","status":500,"success":false,"timestamp":"2023-12-30T00:15:31.433Z","url":"/api/v1/auth/login"}
{"level":"error","message":"Internal Server Error","status":500,"success":false,"timestamp":"2023-12-30T00:18:54.096Z","url":"/api/v1/auth/login"}
{"level":"error","message":"Cannot access 'accessToken' before initialization","success":false,"timestamp":"2023-12-30T00:22:06.293Z","url":"/api/v1/auth/login"}
{"level":"error","message":"Unauthorized","status":401,"success":false,"timestamp":"2023-12-30T00:49:24.861Z","url":"/api/v1/user/details"}
{"level":"error","message":"Unauthorized","status":401,"success":false,"timestamp":"2023-12-30T01:18:40.017Z","url":"/api/v1/user/details"}
{"level":"error","message":"Unauthorized","status":401,"success":false,"timestamp":"2023-12-30T01:21:15.104Z","url":"/api/v1/user/details"}
{"level":"error","message":"Unauthorized","status":401,"success":false,"timestamp":"2023-12-30T01:22:40.460Z","url":"/api/v1/user/details"}
{"level":"error","message":"Unauthorized","status":401,"success":false,"timestamp":"2023-12-30T01:23:49.461Z","url":"/api/v1/user/details"}
{"level":"error","message":"Unauthorized","status":401,"success":false,"timestamp":"2023-12-30T01:25:20.479Z","url":"/api/v1/user/details"}
{"level":"error","message":"Unauthorized","status":401,"success":false,"timestamp":"2023-12-30T01:25:33.448Z","url":"/api/v1/user/details"}
{"level":"error","message":"Unauthorized","status":401,"success":false,"timestamp":"2023-12-30T01:27:58.578Z","url":"/api/v1/user/details"}
{"level":"error","message":"Unauthorized","status":401,"success":false,"timestamp":"2023-12-30T01:30:10.441Z","url":"/api/v1/user/details"}
{"level":"error","message":"Unauthorized","status":401,"success":false,"timestamp":"2023-12-30T06:20:41.469Z","url":"/api/v1/user/details"}
{"level":"error","message":"Unauthorized","status":401,"success":false,"timestamp":"2023-12-30T06:22:02.200Z","url":"/api/v1/user/details"}
{"level":"error","message":"Unauthorized","status":401,"success":false,"timestamp":"2023-12-30T06:22:03.863Z","url":"/api/v1/user/details"}
{"level":"error","message":"Unauthorized","status":401,"success":false,"timestamp":"2023-12-30T06:47:29.216Z","url":"/api/v1/user/details"}
{"level":"error","message":"connect EHOSTUNREACH 172.217.194.109:465","success":false,"timestamp":"2023-12-30T06:47:58.521Z","url":"/api/v1/auth/otp-send"}
{"level":"error","message":"getaddrinfo ENOTFOUND smtp.gmail.com","success":false,"timestamp":"2023-12-30T06:50:06.387Z","url":"/api/v1/auth/otp-send"}
{"level":"error","message":"Unauthorized","status":401,"success":false,"timestamp":"2023-12-30T07:16:46.554Z","url":"/api/v1/user/details"}
{"level":"error","message":"Unauthorized","status":401,"success":false,"timestamp":"2023-12-30T07:19:29.285Z","url":"/api/v1/user/details"}
{"level":"error","message":"Unauthorized","status":401,"success":false,"timestamp":"2023-12-30T07:23:36.570Z","url":"/api/v1/user/details"}
{"level":"error","message":"Unauthorized","status":401,"success":false,"timestamp":"2023-12-30T07:23:54.042Z","url":"/api/v1/user/details"}
{"level":"error","message":"Unauthorized","status":401,"success":false,"timestamp":"2023-12-30T07:25:29.255Z","url":"/api/v1/user/details"}
{"level":"error","message":"Unauthorized","status":401,"success":false,"timestamp":"2023-12-30T07:27:56.806Z","url":"/api/v1/user/details"}
{"level":"error","message":"Unauthorized","status":401,"success":false,"timestamp":"2023-12-30T07:30:15.518Z","url":"/api/v1/user/details"}
{"level":"error","message":"Unauthorized","status":401,"success":false,"timestamp":"2023-12-30T07:31:30.350Z","url":"/api/v1/user/details"}
{"level":"error","message":"Unauthorized","status":401,"success":false,"timestamp":"2023-12-30T07:31:31.920Z","url":"/api/v1/user/details"}
{"level":"error","message":"Unauthorized","status":401,"success":false,"timestamp":"2023-12-30T07:32:31.545Z","url":"/api/v1/user/details"}
{"level":"error","message":"Unauthorized","status":401,"success":false,"timestamp":"2023-12-30T07:35:58.731Z","url":"/api/v1/user/details"}
{"level":"error","message":"Unauthorized","status":401,"success":false,"timestamp":"2023-12-30T07:39:08.578Z","url":"/api/v1/user/details"}
{"level":"error","message":"Unauthorized","status":401,"success":false,"timestamp":"2023-12-30T07:41:21.046Z","url":"/api/v1/user/details"}
{"level":"error","message":"Unauthorized","status":401,"success":false,"timestamp":"2023-12-30T07:41:31.921Z","url":"/api/v1/user/details"}
{"level":"error","message":"Unauthorized","status":401,"success":false,"timestamp":"2023-12-30T07:41:37.563Z","url":"/api/v1/user/details"}
{"level":"error","message":"Unauthorized","status":401,"success":false,"timestamp":"2023-12-30T07:41:39.409Z","url":"/api/v1/user/details"}
{"level":"error","message":"Unauthorized","status":401,"success":false,"timestamp":"2023-12-30T07:41:41.268Z","url":"/api/v1/user/details"}
{"level":"error","message":"Unauthorized","status":401,"success":false,"timestamp":"2023-12-30T07:41:41.840Z","url":"/api/v1/user/details"}
{"level":"error","message":"Unauthorized","status":401,"success":false,"timestamp":"2023-12-30T07:41:42.814Z","url":"/api/v1/user/details"}
{"level":"error","message":"Unauthorized","status":401,"success":false,"timestamp":"2023-12-30T07:43:27.540Z","url":"/api/v1/user/details"}
{"level":"error","message":"Unauthorized","status":401,"success":false,"timestamp":"2023-12-30T07:44:16.793Z","url":"/api/v1/user/details"}
{"level":"error","message":"Unauthorized","status":401,"success":false,"timestamp":"2023-12-30T08:07:23.205Z","url":"/api/v1/user/details"}
{"level":"error","message":"Unauthorized","status":401,"success":false,"timestamp":"2023-12-30T08:07:27.650Z","url":"/api/v1/user/details"}
{"level":"error","message":"Unauthorized","status":401,"success":false,"timestamp":"2023-12-30T08:07:29.929Z","url":"/api/v1/user/details"}
